<?xml version="1.0" encoding="UTF-8"?>
<testng-results skipped="0" failed="4" ignored="0" total="14" passed="10">
  <reporter-output>
  </reporter-output>
  <suite name="Suite" duration-ms="306188" started-at="2023-06-13T21:41:49 IST" finished-at="2023-06-13T21:46:55 IST">
    <groups>
      <group name="cucumber">
        <method signature="AbstractTestNGCucumberTests.runScenario(io.cucumber.testng.PickleWrapper, io.cucumber.testng.FeatureWrapper)[pri:0, instance:testrunner.TestRunner@20322d26]" name="runScenario" class="io.cucumber.testng.AbstractTestNGCucumberTests"/>
      </group> <!-- cucumber -->
    </groups>
    <test name="Test" duration-ms="306188" started-at="2023-06-13T21:41:49 IST" finished-at="2023-06-13T21:46:55 IST">
      <class name="testrunner.TestRunner">
        <test-method status="PASS" signature="setUpClass(org.testng.ITestContext)[pri:0, instance:testrunner.TestRunner@20322d26]" name="setUpClass" is-config="true" duration-ms="514" started-at="2023-06-13T21:41:49 IST" finished-at="2023-06-13T21:41:50 IST">
          <params>
            <param index="0">
              <value>
                <![CDATA[org.testng.TestRunner@306c7bf6]]>
              </value>
            </param>
          </params>
          <reporter-output>
          </reporter-output>
        </test-method> <!-- setUpClass -->
        <test-method status="PASS" signature="runScenario(io.cucumber.testng.PickleWrapper, io.cucumber.testng.FeatureWrapper)[pri:0, instance:testrunner.TestRunner@20322d26]" name="runScenario" duration-ms="79902" started-at="2023-06-13T21:41:50 IST" description="Runs Cucumber Scenarios" data-provider="scenarios" finished-at="2023-06-13T21:43:09 IST">
          <params>
            <param index="0">
              <value>
                <![CDATA["Add to cart is working fine with normal user"]]>
              </value>
            </param>
            <param index="1">
              <value>
                <![CDATA["Add to cart"]]>
              </value>
            </param>
          </params>
          <reporter-output>
          </reporter-output>
        </test-method> <!-- runScenario -->
        <test-method status="PASS" signature="runScenario(io.cucumber.testng.PickleWrapper, io.cucumber.testng.FeatureWrapper)[pri:0, instance:testrunner.TestRunner@20322d26]" name="runScenario" duration-ms="11826" started-at="2023-06-13T21:43:09 IST" description="Runs Cucumber Scenarios" data-provider="scenarios" finished-at="2023-06-13T21:43:21 IST">
          <params>
            <param index="0">
              <value>
                <![CDATA["Successful Login with Valid Credentials"]]>
              </value>
            </param>
            <param index="1">
              <value>
                <![CDATA["Login Feature"]]>
              </value>
            </param>
          </params>
          <reporter-output>
          </reporter-output>
        </test-method> <!-- runScenario -->
        <test-method status="PASS" signature="runScenario(io.cucumber.testng.PickleWrapper, io.cucumber.testng.FeatureWrapper)[pri:0, instance:testrunner.TestRunner@20322d26]" name="runScenario" duration-ms="8628" started-at="2023-06-13T21:43:21 IST" description="Runs Cucumber Scenarios" data-provider="scenarios" finished-at="2023-06-13T21:43:30 IST">
          <params>
            <param index="0">
              <value>
                <![CDATA["Successful Login with Valid Credentials"]]>
              </value>
            </param>
            <param index="1">
              <value>
                <![CDATA["Login Feature"]]>
              </value>
            </param>
          </params>
          <reporter-output>
          </reporter-output>
        </test-method> <!-- runScenario -->
        <test-method status="FAIL" signature="runScenario(io.cucumber.testng.PickleWrapper, io.cucumber.testng.FeatureWrapper)[pri:0, instance:testrunner.TestRunner@20322d26]" name="runScenario" duration-ms="6424" started-at="2023-06-13T21:43:30 IST" description="Runs Cucumber Scenarios" data-provider="scenarios" finished-at="2023-06-13T21:43:36 IST">
          <params>
            <param index="0">
              <value>
                <![CDATA["Successful Login with InValid Credentials"]]>
              </value>
            </param>
            <param index="1">
              <value>
                <![CDATA["Login Feature"]]>
              </value>
            </param>
          </params>
          <exception class="java.lang.AssertionError">
            <message>
              <![CDATA[expected [true] but found [false]]]>
            </message>
            <full-stacktrace>
              <![CDATA[java.lang.AssertionError: expected [true] but found [false]
at org.testng.Assert.fail(Assert.java:99)
at org.testng.Assert.failNotEquals(Assert.java:1037)
at org.testng.Assert.assertTrue(Assert.java:45)
at org.testng.Assert.assertTrue(Assert.java:55)
at stepdefinition.LoginStepDefinition.page_tiltle_should_be(LoginStepDefinition.java:81)
at ✽.Page Tiltle should be "Medicare - Home"(file:///D:/All%20eclipsewprk%20space/Capstone_Project/CapstroneProject/src/test/java/feature/Login.feature:22)
]]>
            </full-stacktrace>
          </exception> <!-- java.lang.AssertionError -->
          <reporter-output>
          </reporter-output>
        </test-method> <!-- runScenario -->
        <test-method status="FAIL" signature="runScenario(io.cucumber.testng.PickleWrapper, io.cucumber.testng.FeatureWrapper)[pri:0, instance:testrunner.TestRunner@20322d26]" name="runScenario" duration-ms="6107" started-at="2023-06-13T21:43:36 IST" description="Runs Cucumber Scenarios" data-provider="scenarios" finished-at="2023-06-13T21:43:42 IST">
          <params>
            <param index="0">
              <value>
                <![CDATA["Successful Login with InValid Credentials"]]>
              </value>
            </param>
            <param index="1">
              <value>
                <![CDATA["Login Feature"]]>
              </value>
            </param>
          </params>
          <exception class="java.lang.AssertionError">
            <message>
              <![CDATA[expected [true] but found [false]]]>
            </message>
            <full-stacktrace>
              <![CDATA[java.lang.AssertionError: expected [true] but found [false]
at org.testng.Assert.fail(Assert.java:99)
at org.testng.Assert.failNotEquals(Assert.java:1037)
at org.testng.Assert.assertTrue(Assert.java:45)
at org.testng.Assert.assertTrue(Assert.java:55)
at stepdefinition.LoginStepDefinition.page_tiltle_should_be(LoginStepDefinition.java:81)
at ✽.Page Tiltle should be "Medicare - Home"(file:///D:/All%20eclipsewprk%20space/Capstone_Project/CapstroneProject/src/test/java/feature/Login.feature:22)
]]>
            </full-stacktrace>
          </exception> <!-- java.lang.AssertionError -->
          <reporter-output>
          </reporter-output>
        </test-method> <!-- runScenario -->
        <test-method status="FAIL" signature="runScenario(io.cucumber.testng.PickleWrapper, io.cucumber.testng.FeatureWrapper)[pri:0, instance:testrunner.TestRunner@20322d26]" name="runScenario" duration-ms="7174" started-at="2023-06-13T21:43:42 IST" description="Runs Cucumber Scenarios" data-provider="scenarios" finished-at="2023-06-13T21:43:50 IST">
          <params>
            <param index="0">
              <value>
                <![CDATA["Successful Login with InValid Credentials"]]>
              </value>
            </param>
            <param index="1">
              <value>
                <![CDATA["Login Feature"]]>
              </value>
            </param>
          </params>
          <exception class="java.lang.AssertionError">
            <message>
              <![CDATA[expected [true] but found [false]]]>
            </message>
            <full-stacktrace>
              <![CDATA[java.lang.AssertionError: expected [true] but found [false]
at org.testng.Assert.fail(Assert.java:99)
at org.testng.Assert.failNotEquals(Assert.java:1037)
at org.testng.Assert.assertTrue(Assert.java:45)
at org.testng.Assert.assertTrue(Assert.java:55)
at stepdefinition.LoginStepDefinition.page_tiltle_should_be(LoginStepDefinition.java:81)
at ✽.Page Tiltle should be "Medicare - Home"(file:///D:/All%20eclipsewprk%20space/Capstone_Project/CapstroneProject/src/test/java/feature/Login.feature:22)
]]>
            </full-stacktrace>
          </exception> <!-- java.lang.AssertionError -->
          <reporter-output>
          </reporter-output>
        </test-method> <!-- runScenario -->
        <test-method status="PASS" signature="runScenario(io.cucumber.testng.PickleWrapper, io.cucumber.testng.FeatureWrapper)[pri:0, instance:testrunner.TestRunner@20322d26]" name="runScenario" duration-ms="5862" started-at="2023-06-13T21:43:50 IST" description="Runs Cucumber Scenarios" data-provider="scenarios" finished-at="2023-06-13T21:43:55 IST">
          <params>
            <param index="0">
              <value>
                <![CDATA["Click on Login Button with out giving Credentials"]]>
              </value>
            </param>
            <param index="1">
              <value>
                <![CDATA["Login Feature"]]>
              </value>
            </param>
          </params>
          <reporter-output>
          </reporter-output>
        </test-method> <!-- runScenario -->
        <test-method status="PASS" signature="runScenario(io.cucumber.testng.PickleWrapper, io.cucumber.testng.FeatureWrapper)[pri:0, instance:testrunner.TestRunner@20322d26]" name="runScenario" duration-ms="8628" started-at="2023-06-13T21:43:55 IST" description="Runs Cucumber Scenarios" data-provider="scenarios" finished-at="2023-06-13T21:44:04 IST">
          <params>
            <param index="0">
              <value>
                <![CDATA["Click on Login Button with out giving Credentials"]]>
              </value>
            </param>
            <param index="1">
              <value>
                <![CDATA["Login Feature error message"]]>
              </value>
            </param>
          </params>
          <reporter-output>
          </reporter-output>
        </test-method> <!-- runScenario -->
        <test-method status="PASS" signature="runScenario(io.cucumber.testng.PickleWrapper, io.cucumber.testng.FeatureWrapper)[pri:0, instance:testrunner.TestRunner@20322d26]" name="runScenario" duration-ms="11522" started-at="2023-06-13T21:44:04 IST" description="Runs Cucumber Scenarios" data-provider="scenarios" finished-at="2023-06-13T21:44:16 IST">
          <params>
            <param index="0">
              <value>
                <![CDATA["User Name Validation"]]>
              </value>
            </param>
            <param index="1">
              <value>
                <![CDATA["Login Feature error message"]]>
              </value>
            </param>
          </params>
          <reporter-output>
          </reporter-output>
        </test-method> <!-- runScenario -->
        <test-method status="PASS" signature="runScenario(io.cucumber.testng.PickleWrapper, io.cucumber.testng.FeatureWrapper)[pri:0, instance:testrunner.TestRunner@20322d26]" name="runScenario" duration-ms="36830" started-at="2023-06-13T21:44:16 IST" description="Runs Cucumber Scenarios" data-provider="scenarios" finished-at="2023-06-13T21:44:52 IST">
          <params>
            <param index="0">
              <value>
                <![CDATA["Successful Login with Valid Credentials"]]>
              </value>
            </param>
            <param index="1">
              <value>
                <![CDATA["Database Feature"]]>
              </value>
            </param>
          </params>
          <reporter-output>
          </reporter-output>
        </test-method> <!-- runScenario -->
        <test-method status="PASS" signature="runScenario(io.cucumber.testng.PickleWrapper, io.cucumber.testng.FeatureWrapper)[pri:0, instance:testrunner.TestRunner@20322d26]" name="runScenario" duration-ms="1448" started-at="2023-06-13T21:44:52 IST" description="Runs Cucumber Scenarios" data-provider="scenarios" finished-at="2023-06-13T21:44:54 IST">
          <params>
            <param index="0">
              <value>
                <![CDATA["Successful Login with Valid Credentials"]]>
              </value>
            </param>
            <param index="1">
              <value>
                <![CDATA["Database Feature"]]>
              </value>
            </param>
          </params>
          <reporter-output>
          </reporter-output>
        </test-method> <!-- runScenario -->
        <test-method status="FAIL" signature="runScenario(io.cucumber.testng.PickleWrapper, io.cucumber.testng.FeatureWrapper)[pri:0, instance:testrunner.TestRunner@20322d26]" name="runScenario" duration-ms="13911" started-at="2023-06-13T21:44:54 IST" description="Runs Cucumber Scenarios" data-provider="scenarios" finished-at="2023-06-13T21:45:08 IST">
          <params>
            <param index="0">
              <value>
                <![CDATA["Addmin is able to add products"]]>
              </value>
            </param>
            <param index="1">
              <value>
                <![CDATA["Login Feature"]]>
              </value>
            </param>
          </params>
          <exception class="java.lang.AssertionError">
            <message>
              <![CDATA[expected [true] but found [false]]]>
            </message>
            <full-stacktrace>
              <![CDATA[java.lang.AssertionError: expected [true] but found [false]
at org.testng.Assert.fail(Assert.java:99)
at org.testng.Assert.failNotEquals(Assert.java:1037)
at org.testng.Assert.assertTrue(Assert.java:45)
at org.testng.Assert.assertTrue(Assert.java:55)
at stepdefinition.LoginStepDefinition.verify_the_product_is_added(LoginStepDefinition.java:192)
at ✽.Verify the product is added(file:///D:/All%20eclipsewprk%20space/Capstone_Project/CapstroneProject/src/test/java/feature/manageproducts.feature:9)
]]>
            </full-stacktrace>
          </exception> <!-- java.lang.AssertionError -->
          <reporter-output>
          </reporter-output>
        </test-method> <!-- runScenario -->
        <test-method status="PASS" signature="runScenario(io.cucumber.testng.PickleWrapper, io.cucumber.testng.FeatureWrapper)[pri:0, instance:testrunner.TestRunner@20322d26]" name="runScenario" duration-ms="45481" started-at="2023-06-13T21:45:08 IST" description="Runs Cucumber Scenarios" data-provider="scenarios" finished-at="2023-06-13T21:45:53 IST">
          <params>
            <param index="0">
              <value>
                <![CDATA["Select different category"]]>
              </value>
            </param>
            <param index="1">
              <value>
                <![CDATA["Login Feature"]]>
              </value>
            </param>
          </params>
          <reporter-output>
          </reporter-output>
        </test-method> <!-- runScenario -->
        <test-method status="PASS" signature="runScenario(io.cucumber.testng.PickleWrapper, io.cucumber.testng.FeatureWrapper)[pri:0, instance:testrunner.TestRunner@20322d26]" name="runScenario" duration-ms="61216" started-at="2023-06-13T21:45:53 IST" description="Runs Cucumber Scenarios" data-provider="scenarios" finished-at="2023-06-13T21:46:54 IST">
          <params>
            <param index="0">
              <value>
                <![CDATA["Addmin is able to add products"]]>
              </value>
            </param>
            <param index="1">
              <value>
                <![CDATA["Update feature"]]>
              </value>
            </param>
          </params>
          <reporter-output>
          </reporter-output>
        </test-method> <!-- runScenario -->
        <test-method status="PASS" signature="tearDownClass()[pri:0, instance:testrunner.TestRunner@20322d26]" name="tearDownClass" is-config="true" duration-ms="676" started-at="2023-06-13T21:46:54 IST" finished-at="2023-06-13T21:46:55 IST">
          <reporter-output>
          </reporter-output>
        </test-method> <!-- tearDownClass -->
      </class> <!-- testrunner.TestRunner -->
    </test> <!-- Test -->
  </suite> <!-- Suite -->
</testng-results>
