<?xml version="1.0" encoding="UTF-8"?>
<!-- Generated by org.testng.reporters.JUnitReportReporter -->
<testsuite skipped="0" hostname="LAPTOP-6I68EKPU" name="testrunner.TestRunner" tests="14" failures="4" timestamp="2023-06-13T21:46:56 IST" time="304.959" errors="0">
  <testcase name="runScenario" time="7.174" classname="testrunner.TestRunner">
    <failure type="java.lang.AssertionError" message="expected [true] but found [false]">
      <![CDATA[java.lang.AssertionError: expected [true] but found [false]
at org.testng.Assert.fail(Assert.java:99)
at org.testng.Assert.failNotEquals(Assert.java:1037)
at org.testng.Assert.assertTrue(Assert.java:45)
at org.testng.Assert.assertTrue(Assert.java:55)
at stepdefinition.LoginStepDefinition.page_tiltle_should_be(LoginStepDefinition.java:81)
at ✽.Page Tiltle should be "Medicare - Home"(file:///D:/All%20eclipsewprk%20space/Capstone_Project/CapstroneProject/src/test/java/feature/Login.feature:22)
]]>
    </failure>
  </testcase> <!-- runScenario -->
  <system-out/>
  <testcase name="runScenario" time="36.830" classname="testrunner.TestRunner"/>
  <system-out/>
  <testcase name="runScenario" time="45.481" classname="testrunner.TestRunner"/>
  <system-out/>
  <testcase name="runScenario" time="8.628" classname="testrunner.TestRunner"/>
  <system-out/>
  <testcase name="runScenario" time="6.107" classname="testrunner.TestRunner">
    <failure type="java.lang.AssertionError" message="expected [true] but found [false]">
      <![CDATA[java.lang.AssertionError: expected [true] but found [false]
at org.testng.Assert.fail(Assert.java:99)
at org.testng.Assert.failNotEquals(Assert.java:1037)
at org.testng.Assert.assertTrue(Assert.java:45)
at org.testng.Assert.assertTrue(Assert.java:55)
at stepdefinition.LoginStepDefinition.page_tiltle_should_be(LoginStepDefinition.java:81)
at ✽.Page Tiltle should be "Medicare - Home"(file:///D:/All%20eclipsewprk%20space/Capstone_Project/CapstroneProject/src/test/java/feature/Login.feature:22)
]]>
    </failure>
  </testcase> <!-- runScenario -->
  <system-out/>
  <testcase name="runScenario" time="61.216" classname="testrunner.TestRunner"/>
  <system-out/>
  <testcase name="runScenario" time="79.902" classname="testrunner.TestRunner"/>
  <system-out/>
  <testcase name="runScenario" time="11.826" classname="testrunner.TestRunner"/>
  <system-out/>
  <testcase name="runScenario" time="13.911" classname="testrunner.TestRunner">
    <failure type="java.lang.AssertionError" message="expected [true] but found [false]">
      <![CDATA[java.lang.AssertionError: expected [true] but found [false]
at org.testng.Assert.fail(Assert.java:99)
at org.testng.Assert.failNotEquals(Assert.java:1037)
at org.testng.Assert.assertTrue(Assert.java:45)
at org.testng.Assert.assertTrue(Assert.java:55)
at stepdefinition.LoginStepDefinition.verify_the_product_is_added(LoginStepDefinition.java:192)
at ✽.Verify the product is added(file:///D:/All%20eclipsewprk%20space/Capstone_Project/CapstroneProject/src/test/java/feature/manageproducts.feature:9)
]]>
    </failure>
  </testcase> <!-- runScenario -->
  <system-out/>
  <testcase name="runScenario" time="8.628" classname="testrunner.TestRunner"/>
  <system-out/>
  <testcase name="runScenario" time="1.448" classname="testrunner.TestRunner"/>
  <system-out/>
  <testcase name="runScenario" time="11.522" classname="testrunner.TestRunner"/>
  <system-out/>
  <testcase name="runScenario" time="5.862" classname="testrunner.TestRunner"/>
  <system-out/>
  <testcase name="runScenario" time="6.424" classname="testrunner.TestRunner">
    <failure type="java.lang.AssertionError" message="expected [true] but found [false]">
      <![CDATA[java.lang.AssertionError: expected [true] but found [false]
at org.testng.Assert.fail(Assert.java:99)
at org.testng.Assert.failNotEquals(Assert.java:1037)
at org.testng.Assert.assertTrue(Assert.java:45)
at org.testng.Assert.assertTrue(Assert.java:55)
at stepdefinition.LoginStepDefinition.page_tiltle_should_be(LoginStepDefinition.java:81)
at ✽.Page Tiltle should be "Medicare - Home"(file:///D:/All%20eclipsewprk%20space/Capstone_Project/CapstroneProject/src/test/java/feature/Login.feature:22)
]]>
    </failure>
  </testcase> <!-- runScenario -->
  <system-out/>
</testsuite> <!-- testrunner.TestRunner -->
